Build output check failed:
    Regex: 'argument .* is not valid'
    Output line: 'cc1: warning: '-Werror=' argument '-Werror=non-virtual-dtor' is not valid for C'
Compilation failed:
    source file: '/home/user/library/opencv-4.5.2/build/CMakeFiles/CMakeTmp/src.c'
    check option: ' -fsigned-char -W -Wall -Werror=return-type  -Werror=non-virtual-dtor'
===== BUILD LOG =====
Change Dir: /home/user/library/opencv-4.5.2/build/CMakeFiles/CMakeTmp

Run Build Command(s):/usr/bin/gmake cmTC_66cf2/fast && /usr/bin/gmake  -f CMakeFiles/cmTC_66cf2.dir/build.make CMakeFiles/cmTC_66cf2.dir/build
gmake[1]: Entering directory '/home/user/library/opencv-4.5.2/build/CMakeFiles/CMakeTmp'
Building C object CMakeFiles/cmTC_66cf2.dir/src.c.o
/usr/bin/cc   -O3 -DNDEBUG -fPIE    -fsigned-char -W -Wall -Werror=return-type  -Werror=non-virtual-dtor -o CMakeFiles/cmTC_66cf2.dir/src.c.o -c /home/user/library/opencv-4.5.2/build/CMakeFiles/CMakeTmp/src.c
cc1: warning: '-Werror=' argument '-Werror=non-virtual-dtor' is not valid for C
/home/user/library/opencv-4.5.2/build/CMakeFiles/CMakeTmp/src.c:1: warning: ignoring '#pragma  ' [-Wunknown-pragmas]
    1 | #pragma
      | 
Linking C executable cmTC_66cf2
/usr/bin/cmake -E cmake_link_script CMakeFiles/cmTC_66cf2.dir/link.txt --verbose=1
/usr/bin/cc -O3 -DNDEBUG CMakeFiles/cmTC_66cf2.dir/src.c.o -o cmTC_66cf2 
gmake[1]: Leaving directory '/home/user/library/opencv-4.5.2/build/CMakeFiles/CMakeTmp'


===== END =====

Build output check failed:
    Regex: 'command[- ]line option .* is valid for .* but not for C\+\+'
    Output line: 'cc1plus: warning: command-line option '-Wmissing-prototypes' is valid for C/ObjC but not for C++'
Compilation failed:
    source file: '/home/user/library/opencv-4.5.2/build/CMakeFiles/CMakeTmp/src.cxx'
    check option: ' -fsigned-char -W -Wall -Werror=return-type -Werror=non-virtual-dtor -Werror=address -Werror=sequence-point -Wformat -Werror=format-security -Wmissing-declarations  -Wmissing-prototypes'
===== BUILD LOG =====
Change Dir: /home/user/library/opencv-4.5.2/build/CMakeFiles/CMakeTmp

Run Build Command(s):/usr/bin/gmake cmTC_45d5f/fast && /usr/bin/gmake  -f CMakeFiles/cmTC_45d5f.dir/build.make CMakeFiles/cmTC_45d5f.dir/build
gmake[1]: Entering directory '/home/user/library/opencv-4.5.2/build/CMakeFiles/CMakeTmp'
Building CXX object CMakeFiles/cmTC_45d5f.dir/src.cxx.o
/usr/bin/c++   -O3 -DNDEBUG -fPIE    -fsigned-char -W -Wall -Werror=return-type -Werror=non-virtual-dtor -Werror=address -Werror=sequence-point -Wformat -Werror=format-security -Wmissing-declarations  -Wmissing-prototypes -std=c++11 -o CMakeFiles/cmTC_45d5f.dir/src.cxx.o -c /home/user/library/opencv-4.5.2/build/CMakeFiles/CMakeTmp/src.cxx
cc1plus: warning: command-line option '-Wmissing-prototypes' is valid for C/ObjC but not for C++
/home/user/library/opencv-4.5.2/build/CMakeFiles/CMakeTmp/src.cxx:1: warning: ignoring '#pragma  ' [-Wunknown-pragmas]
    1 | #pragma
      | 
Linking CXX executable cmTC_45d5f
/usr/bin/cmake -E cmake_link_script CMakeFiles/cmTC_45d5f.dir/link.txt --verbose=1
/usr/bin/c++ -O3 -DNDEBUG CMakeFiles/cmTC_45d5f.dir/src.cxx.o -o cmTC_45d5f 
gmake[1]: Leaving directory '/home/user/library/opencv-4.5.2/build/CMakeFiles/CMakeTmp'


===== END =====

Build output check failed:
    Regex: 'command[- ]line option .* is valid for .* but not for C\+\+'
    Output line: 'cc1plus: warning: command-line option '-Wstrict-prototypes' is valid for C/ObjC but not for C++'
Compilation failed:
    source file: '/home/user/library/opencv-4.5.2/build/CMakeFiles/CMakeTmp/src.cxx'
    check option: ' -fsigned-char -W -Wall -Werror=return-type -Werror=non-virtual-dtor -Werror=address -Werror=sequence-point -Wformat -Werror=format-security -Wmissing-declarations  -Wstrict-prototypes'
===== BUILD LOG =====
Change Dir: /home/user/library/opencv-4.5.2/build/CMakeFiles/CMakeTmp

Run Build Command(s):/usr/bin/gmake cmTC_9e9d8/fast && /usr/bin/gmake  -f CMakeFiles/cmTC_9e9d8.dir/build.make CMakeFiles/cmTC_9e9d8.dir/build
gmake[1]: Entering directory '/home/user/library/opencv-4.5.2/build/CMakeFiles/CMakeTmp'
Building CXX object CMakeFiles/cmTC_9e9d8.dir/src.cxx.o
/usr/bin/c++   -O3 -DNDEBUG -fPIE    -fsigned-char -W -Wall -Werror=return-type -Werror=non-virtual-dtor -Werror=address -Werror=sequence-point -Wformat -Werror=format-security -Wmissing-declarations  -Wstrict-prototypes -std=c++11 -o CMakeFiles/cmTC_9e9d8.dir/src.cxx.o -c /home/user/library/opencv-4.5.2/build/CMakeFiles/CMakeTmp/src.cxx
cc1plus: warning: command-line option '-Wstrict-prototypes' is valid for C/ObjC but not for C++
/home/user/library/opencv-4.5.2/build/CMakeFiles/CMakeTmp/src.cxx:1: warning: ignoring '#pragma  ' [-Wunknown-pragmas]
    1 | #pragma
      | 
Linking CXX executable cmTC_9e9d8
/usr/bin/cmake -E cmake_link_script CMakeFiles/cmTC_9e9d8.dir/link.txt --verbose=1
/usr/bin/c++ -O3 -DNDEBUG CMakeFiles/cmTC_9e9d8.dir/src.cxx.o -o cmTC_9e9d8 
gmake[1]: Leaving directory '/home/user/library/opencv-4.5.2/build/CMakeFiles/CMakeTmp'


===== END =====

Build output check failed:
    Regex: 'command[- ]line option .* is valid for .* but not for C'
    Output line: 'cc1: warning: command-line option '-Wsign-promo' is valid for C++/ObjC++ but not for C'
Compilation failed:
    source file: '/home/user/library/opencv-4.5.2/build/CMakeFiles/CMakeTmp/src.c'
    check option: ' -fsigned-char -W -Wall -Werror=return-type -Werror=address -Werror=sequence-point -Wformat -Werror=format-security -Wmissing-declarations -Wmissing-prototypes -Wstrict-prototypes -Wundef -Winit-self -Wpointer-arith -Wshadow  -Wsign-promo'
===== BUILD LOG =====
Change Dir: /home/user/library/opencv-4.5.2/build/CMakeFiles/CMakeTmp

Run Build Command(s):/usr/bin/gmake cmTC_c91a4/fast && /usr/bin/gmake  -f CMakeFiles/cmTC_c91a4.dir/build.make CMakeFiles/cmTC_c91a4.dir/build
gmake[1]: Entering directory '/home/user/library/opencv-4.5.2/build/CMakeFiles/CMakeTmp'
Building C object CMakeFiles/cmTC_c91a4.dir/src.c.o
/usr/bin/cc   -O3 -DNDEBUG -fPIE    -fsigned-char -W -Wall -Werror=return-type -Werror=address -Werror=sequence-point -Wformat -Werror=format-security -Wmissing-declarations -Wmissing-prototypes -Wstrict-prototypes -Wundef -Winit-self -Wpointer-arith -Wshadow  -Wsign-promo -o CMakeFiles/cmTC_c91a4.dir/src.c.o -c /home/user/library/opencv-4.5.2/build/CMakeFiles/CMakeTmp/src.c
cc1: warning: command-line option '-Wsign-promo' is valid for C++/ObjC++ but not for C
/home/user/library/opencv-4.5.2/build/CMakeFiles/CMakeTmp/src.c:1: warning: ignoring '#pragma  ' [-Wunknown-pragmas]
    1 | #pragma
      | 
Linking C executable cmTC_c91a4
/usr/bin/cmake -E cmake_link_script CMakeFiles/cmTC_c91a4.dir/link.txt --verbose=1
/usr/bin/cc -O3 -DNDEBUG CMakeFiles/cmTC_c91a4.dir/src.c.o -o cmTC_c91a4 
gmake[1]: Leaving directory '/home/user/library/opencv-4.5.2/build/CMakeFiles/CMakeTmp'


===== END =====

Build output check failed:
    Regex: 'command[- ]line option .* is valid for .* but not for C'
    Output line: 'cc1: warning: command-line option '-Wsuggest-override' is valid for C++/ObjC++ but not for C'
Compilation failed:
    source file: '/home/user/library/opencv-4.5.2/build/CMakeFiles/CMakeTmp/src.c'
    check option: ' -fsigned-char -W -Wall -Werror=return-type -Werror=address -Werror=sequence-point -Wformat -Werror=format-security -Wmissing-declarations -Wmissing-prototypes -Wstrict-prototypes -Wundef -Winit-self -Wpointer-arith -Wshadow -Wuninitialized  -Wsuggest-override'
===== BUILD LOG =====
Change Dir: /home/user/library/opencv-4.5.2/build/CMakeFiles/CMakeTmp

Run Build Command(s):/usr/bin/gmake cmTC_d58aa/fast && /usr/bin/gmake  -f CMakeFiles/cmTC_d58aa.dir/build.make CMakeFiles/cmTC_d58aa.dir/build
gmake[1]: Entering directory '/home/user/library/opencv-4.5.2/build/CMakeFiles/CMakeTmp'
Building C object CMakeFiles/cmTC_d58aa.dir/src.c.o
/usr/bin/cc   -O3 -DNDEBUG -fPIE    -fsigned-char -W -Wall -Werror=return-type -Werror=address -Werror=sequence-point -Wformat -Werror=format-security -Wmissing-declarations -Wmissing-prototypes -Wstrict-prototypes -Wundef -Winit-self -Wpointer-arith -Wshadow -Wuninitialized  -Wsuggest-override -o CMakeFiles/cmTC_d58aa.dir/src.c.o -c /home/user/library/opencv-4.5.2/build/CMakeFiles/CMakeTmp/src.c
cc1: warning: command-line option '-Wsuggest-override' is valid for C++/ObjC++ but not for C
/home/user/library/opencv-4.5.2/build/CMakeFiles/CMakeTmp/src.c:1: warning: ignoring '#pragma  ' [-Wunknown-pragmas]
    1 | #pragma
      | 
Linking C executable cmTC_d58aa
/usr/bin/cmake -E cmake_link_script CMakeFiles/cmTC_d58aa.dir/link.txt --verbose=1
/usr/bin/cc -O3 -DNDEBUG CMakeFiles/cmTC_d58aa.dir/src.c.o -o cmTC_d58aa 
gmake[1]: Leaving directory '/home/user/library/opencv-4.5.2/build/CMakeFiles/CMakeTmp'


===== END =====

Build output check failed:
    Regex: 'command[- ]line option .* is valid for .* but not for C'
    Output line: 'cc1: warning: command-line option '-Wno-delete-non-virtual-dtor' is valid for C++/ObjC++ but not for C'
Compilation failed:
    source file: '/home/user/library/opencv-4.5.2/build/CMakeFiles/CMakeTmp/src.c'
    check option: ' -fsigned-char -W -Wall -Werror=return-type -Werror=address -Werror=sequence-point -Wformat -Werror=format-security -Wmissing-declarations -Wmissing-prototypes -Wstrict-prototypes -Wundef -Winit-self -Wpointer-arith -Wshadow -Wuninitialized  -Wno-delete-non-virtual-dtor'
===== BUILD LOG =====
Change Dir: /home/user/library/opencv-4.5.2/build/CMakeFiles/CMakeTmp

Run Build Command(s):/usr/bin/gmake cmTC_01c91/fast && /usr/bin/gmake  -f CMakeFiles/cmTC_01c91.dir/build.make CMakeFiles/cmTC_01c91.dir/build
gmake[1]: Entering directory '/home/user/library/opencv-4.5.2/build/CMakeFiles/CMakeTmp'
Building C object CMakeFiles/cmTC_01c91.dir/src.c.o
/usr/bin/cc   -O3 -DNDEBUG -fPIE    -fsigned-char -W -Wall -Werror=return-type -Werror=address -Werror=sequence-point -Wformat -Werror=format-security -Wmissing-declarations -Wmissing-prototypes -Wstrict-prototypes -Wundef -Winit-self -Wpointer-arith -Wshadow -Wuninitialized  -Wno-delete-non-virtual-dtor -o CMakeFiles/cmTC_01c91.dir/src.c.o -c /home/user/library/opencv-4.5.2/build/CMakeFiles/CMakeTmp/src.c
cc1: warning: command-line option '-Wno-delete-non-virtual-dtor' is valid for C++/ObjC++ but not for C
/home/user/library/opencv-4.5.2/build/CMakeFiles/CMakeTmp/src.c:1: warning: ignoring '#pragma  ' [-Wunknown-pragmas]
    1 | #pragma
      | 
Linking C executable cmTC_01c91
/usr/bin/cmake -E cmake_link_script CMakeFiles/cmTC_01c91.dir/link.txt --verbose=1
/usr/bin/cc -O3 -DNDEBUG CMakeFiles/cmTC_01c91.dir/src.c.o -o cmTC_01c91 
gmake[1]: Leaving directory '/home/user/library/opencv-4.5.2/build/CMakeFiles/CMakeTmp'


===== END =====

Build output check failed:
    Regex: 'unrecognized .*option'
    Output line: 'cc1plus: note: unrecognized command-line option '-Wno-unnamed-type-template-args' may have been intended to silence earlier diagnostics'
Compilation failed:
    source file: '/home/user/library/opencv-4.5.2/build/CMakeFiles/CMakeTmp/src.cxx'
    check option: ' -fsigned-char -W -Wall -Werror=return-type -Werror=non-virtual-dtor -Werror=address -Werror=sequence-point -Wformat -Werror=format-security -Wmissing-declarations -Wundef -Winit-self -Wpointer-arith -Wshadow -Wsign-promo -Wuninitialized -Wsuggest-override -Wno-delete-non-virtual-dtor  -Wno-unnamed-type-template-args'
===== BUILD LOG =====
Change Dir: /home/user/library/opencv-4.5.2/build/CMakeFiles/CMakeTmp

Run Build Command(s):/usr/bin/gmake cmTC_4512e/fast && /usr/bin/gmake  -f CMakeFiles/cmTC_4512e.dir/build.make CMakeFiles/cmTC_4512e.dir/build
gmake[1]: Entering directory '/home/user/library/opencv-4.5.2/build/CMakeFiles/CMakeTmp'
Building CXX object CMakeFiles/cmTC_4512e.dir/src.cxx.o
/usr/bin/c++   -O3 -DNDEBUG -fPIE    -fsigned-char -W -Wall -Werror=return-type -Werror=non-virtual-dtor -Werror=address -Werror=sequence-point -Wformat -Werror=format-security -Wmissing-declarations -Wundef -Winit-self -Wpointer-arith -Wshadow -Wsign-promo -Wuninitialized -Wsuggest-override -Wno-delete-non-virtual-dtor  -Wno-unnamed-type-template-args -std=c++11 -o CMakeFiles/cmTC_4512e.dir/src.cxx.o -c /home/user/library/opencv-4.5.2/build/CMakeFiles/CMakeTmp/src.cxx
/home/user/library/opencv-4.5.2/build/CMakeFiles/CMakeTmp/src.cxx:1: warning: ignoring '#pragma  ' [-Wunknown-pragmas]
    1 | #pragma
      | 
cc1plus: note: unrecognized command-line option '-Wno-unnamed-type-template-args' may have been intended to silence earlier diagnostics
Linking CXX executable cmTC_4512e
/usr/bin/cmake -E cmake_link_script CMakeFiles/cmTC_4512e.dir/link.txt --verbose=1
/usr/bin/c++ -O3 -DNDEBUG CMakeFiles/cmTC_4512e.dir/src.cxx.o -o cmTC_4512e 
gmake[1]: Leaving directory '/home/user/library/opencv-4.5.2/build/CMakeFiles/CMakeTmp'


===== END =====

Build output check failed:
    Regex: 'unrecognized .*option'
    Output line: 'cc1: note: unrecognized command-line option '-Wno-unnamed-type-template-args' may have been intended to silence earlier diagnostics'
Compilation failed:
    source file: '/home/user/library/opencv-4.5.2/build/CMakeFiles/CMakeTmp/src.c'
    check option: ' -fsigned-char -W -Wall -Werror=return-type -Werror=address -Werror=sequence-point -Wformat -Werror=format-security -Wmissing-declarations -Wmissing-prototypes -Wstrict-prototypes -Wundef -Winit-self -Wpointer-arith -Wshadow -Wuninitialized  -Wno-unnamed-type-template-args'
===== BUILD LOG =====
Change Dir: /home/user/library/opencv-4.5.2/build/CMakeFiles/CMakeTmp

Run Build Command(s):/usr/bin/gmake cmTC_3bc0e/fast && /usr/bin/gmake  -f CMakeFiles/cmTC_3bc0e.dir/build.make CMakeFiles/cmTC_3bc0e.dir/build
gmake[1]: Entering directory '/home/user/library/opencv-4.5.2/build/CMakeFiles/CMakeTmp'
Building C object CMakeFiles/cmTC_3bc0e.dir/src.c.o
/usr/bin/cc   -O3 -DNDEBUG -fPIE    -fsigned-char -W -Wall -Werror=return-type -Werror=address -Werror=sequence-point -Wformat -Werror=format-security -Wmissing-declarations -Wmissing-prototypes -Wstrict-prototypes -Wundef -Winit-self -Wpointer-arith -Wshadow -Wuninitialized  -Wno-unnamed-type-template-args -o CMakeFiles/cmTC_3bc0e.dir/src.c.o -c /home/user/library/opencv-4.5.2/build/CMakeFiles/CMakeTmp/src.c
/home/user/library/opencv-4.5.2/build/CMakeFiles/CMakeTmp/src.c:1: warning: ignoring '#pragma  ' [-Wunknown-pragmas]
    1 | #pragma
      | 
cc1: note: unrecognized command-line option '-Wno-unnamed-type-template-args' may have been intended to silence earlier diagnostics
Linking C executable cmTC_3bc0e
/usr/bin/cmake -E cmake_link_script CMakeFiles/cmTC_3bc0e.dir/link.txt --verbose=1
/usr/bin/cc -O3 -DNDEBUG CMakeFiles/cmTC_3bc0e.dir/src.c.o -o cmTC_3bc0e 
gmake[1]: Leaving directory '/home/user/library/opencv-4.5.2/build/CMakeFiles/CMakeTmp'


===== END =====

Build output check failed:
    Regex: 'command[- ]line option .* is valid for .* but not for C'
    Output line: 'cc1: warning: command-line option '-fvisibility-inlines-hidden' is valid for C++/ObjC++ but not for C'
Compilation failed:
    source file: '/home/user/library/opencv-4.5.2/build/CMakeFiles/CMakeTmp/src.c'
    check option: ' -fsigned-char -W -Wall -Werror=return-type -Werror=address -Werror=sequence-point -Wformat -Werror=format-security -Wmissing-declarations -Wmissing-prototypes -Wstrict-prototypes -Wundef -Winit-self -Wpointer-arith -Wshadow -Wuninitialized -Wno-comment -Wimplicit-fallthrough=3 -Wno-strict-overflow -fdiagnostics-show-option -pthread -fomit-frame-pointer -ffunction-sections -fdata-sections    -fvisibility=hidden  -fvisibility-inlines-hidden'
===== BUILD LOG =====
Change Dir: /home/user/library/opencv-4.5.2/build/CMakeFiles/CMakeTmp

Run Build Command(s):/usr/bin/gmake cmTC_03460/fast && /usr/bin/gmake  -f CMakeFiles/cmTC_03460.dir/build.make CMakeFiles/cmTC_03460.dir/build
gmake[1]: Entering directory '/home/user/library/opencv-4.5.2/build/CMakeFiles/CMakeTmp'
Building C object CMakeFiles/cmTC_03460.dir/src.c.o
/usr/bin/cc   -O3 -DNDEBUG -fPIE    -fsigned-char -W -Wall -Werror=return-type -Werror=address -Werror=sequence-point -Wformat -Werror=format-security -Wmissing-declarations -Wmissing-prototypes -Wstrict-prototypes -Wundef -Winit-self -Wpointer-arith -Wshadow -Wuninitialized -Wno-comment -Wimplicit-fallthrough=3 -Wno-strict-overflow -fdiagnostics-show-option -pthread -fomit-frame-pointer -ffunction-sections -fdata-sections    -fvisibility=hidden  -fvisibility-inlines-hidden -o CMakeFiles/cmTC_03460.dir/src.c.o -c /home/user/library/opencv-4.5.2/build/CMakeFiles/CMakeTmp/src.c
cc1: warning: command-line option '-fvisibility-inlines-hidden' is valid for C++/ObjC++ but not for C
/home/user/library/opencv-4.5.2/build/CMakeFiles/CMakeTmp/src.c:1: warning: ignoring '#pragma  ' [-Wunknown-pragmas]
    1 | #pragma
      | 
Linking C executable cmTC_03460
/usr/bin/cmake -E cmake_link_script CMakeFiles/cmTC_03460.dir/link.txt --verbose=1
/usr/bin/cc -O3 -DNDEBUG CMakeFiles/cmTC_03460.dir/src.c.o -o cmTC_03460 
gmake[1]: Leaving directory '/home/user/library/opencv-4.5.2/build/CMakeFiles/CMakeTmp'


===== END =====

Determining size of off64_t failed with the following output:
Change Dir: /home/user/library/opencv-4.5.2/build/CMakeFiles/CMakeTmp

Run Build Command(s):/usr/bin/gmake cmTC_0ff37/fast && /usr/bin/gmake  -f CMakeFiles/cmTC_0ff37.dir/build.make CMakeFiles/cmTC_0ff37.dir/build
gmake[1]: Entering directory '/home/user/library/opencv-4.5.2/build/CMakeFiles/CMakeTmp'
Building C object CMakeFiles/cmTC_0ff37.dir/OFF64_T.c.o
/usr/bin/cc   -fsigned-char -W -Wall -Werror=return-type -Werror=address -Werror=sequence-point -Wformat -Werror=format-security -Wmissing-declarations -Wmissing-prototypes -Wstrict-prototypes -Wundef -Winit-self -Wpointer-arith -Wshadow -Wuninitialized -Wno-comment -Wimplicit-fallthrough=3 -Wno-strict-overflow -fdiagnostics-show-option -pthread -fomit-frame-pointer -ffunction-sections -fdata-sections    -fvisibility=hidden  -O3 -DNDEBUG  -DNDEBUG -fPIE -o CMakeFiles/cmTC_0ff37.dir/OFF64_T.c.o -c /home/user/library/opencv-4.5.2/build/CMakeFiles/CheckTypeSize/OFF64_T.c
/home/user/library/opencv-4.5.2/build/CMakeFiles/CheckTypeSize/OFF64_T.c:27:22: error: 'off64_t' undeclared here (not in a function); did you mean 'off_t'?
   27 | #define SIZE (sizeof(off64_t))
      |                      ^~~~~~~
/home/user/library/opencv-4.5.2/build/CMakeFiles/CheckTypeSize/OFF64_T.c:29:12: note: in expansion of macro 'SIZE'
   29 |   ('0' + ((SIZE / 10000)%10)),
      |            ^~~~
gmake[1]: *** [CMakeFiles/cmTC_0ff37.dir/build.make:85: CMakeFiles/cmTC_0ff37.dir/OFF64_T.c.o] Error 1
gmake[1]: Leaving directory '/home/user/library/opencv-4.5.2/build/CMakeFiles/CMakeTmp'
gmake: *** [Makefile:140: cmTC_0ff37/fast] Error 2


/home/user/library/opencv-4.5.2/build/CMakeFiles/CheckTypeSize/OFF64_T.c:
#include <sys/types.h>
#include <stdint.h>
#include <stddef.h>


#undef KEY
#if defined(__i386)
# define KEY '_','_','i','3','8','6'
#elif defined(__x86_64)
# define KEY '_','_','x','8','6','_','6','4'
#elif defined(__PPC64__)
# define KEY '_','_','P','P','C','6','4','_','_'
#elif defined(__ppc64__)
# define KEY '_','_','p','p','c','6','4','_','_'
#elif defined(__PPC__)
# define KEY '_','_','P','P','C','_','_'
#elif defined(__ppc__)
# define KEY '_','_','p','p','c','_','_'
#elif defined(__aarch64__)
# define KEY '_','_','a','a','r','c','h','6','4','_','_'
#elif defined(__ARM_ARCH_7A__)
# define KEY '_','_','A','R','M','_','A','R','C','H','_','7','A','_','_'
#elif defined(__ARM_ARCH_7S__)
# define KEY '_','_','A','R','M','_','A','R','C','H','_','7','S','_','_'
#endif

#define SIZE (sizeof(off64_t))
static char info_size[] =  {'I', 'N', 'F', 'O', ':', 's','i','z','e','[',
  ('0' + ((SIZE / 10000)%10)),
  ('0' + ((SIZE / 1000)%10)),
  ('0' + ((SIZE / 100)%10)),
  ('0' + ((SIZE / 10)%10)),
  ('0' +  (SIZE    % 10)),
  ']',
#ifdef KEY
  ' ','k','e','y','[', KEY, ']',
#endif
  '\0'};

#ifdef __CLASSIC_C__
int main(argc, argv) int argc; char *argv[];
#else
int main(int argc, char *argv[])
#endif
{
  int require = 0;
  require += info_size[argc];
  (void)argv;
  return require;
}


Build output check failed:
    Regex: 'unrecognized .*option'
    Output line: 'cc1: note: unrecognized command-line option '-Wno-shorten-64-to-32' may have been intended to silence earlier diagnostics'
Compilation failed:
    source file: '/home/user/library/opencv-4.5.2/build/CMakeFiles/CMakeTmp/src.c'
    check option: ' -Wno-shorten-64-to-32'
===== BUILD LOG =====
Change Dir: /home/user/library/opencv-4.5.2/build/CMakeFiles/CMakeTmp

Run Build Command(s):/usr/bin/gmake cmTC_8ac3f/fast && /usr/bin/gmake  -f CMakeFiles/cmTC_8ac3f.dir/build.make CMakeFiles/cmTC_8ac3f.dir/build
gmake[1]: Entering directory '/home/user/library/opencv-4.5.2/build/CMakeFiles/CMakeTmp'
Building C object CMakeFiles/cmTC_8ac3f.dir/src.c.o
/usr/bin/cc   -fsigned-char -W -Wall -Werror=return-type -Werror=address -Werror=sequence-point -Wformat -Werror=format-security -Wmissing-declarations -Wmissing-prototypes -Wstrict-prototypes -Wundef -Winit-self -Wpointer-arith -Wshadow -Wuninitialized -Wno-comment -Wimplicit-fallthrough=3 -Wno-strict-overflow -fdiagnostics-show-option -pthread -fomit-frame-pointer -ffunction-sections -fdata-sections    -fvisibility=hidden  -O3 -DNDEBUG  -DNDEBUG -fPIE    -Wno-shorten-64-to-32 -o CMakeFiles/cmTC_8ac3f.dir/src.c.o -c /home/user/library/opencv-4.5.2/build/CMakeFiles/CMakeTmp/src.c
/home/user/library/opencv-4.5.2/build/CMakeFiles/CMakeTmp/src.c:1: warning: ignoring '#pragma  ' [-Wunknown-pragmas]
    1 | #pragma
      | 
cc1: note: unrecognized command-line option '-Wno-shorten-64-to-32' may have been intended to silence earlier diagnostics
Linking C executable cmTC_8ac3f
/usr/bin/cmake -E cmake_link_script CMakeFiles/cmTC_8ac3f.dir/link.txt --verbose=1
/usr/bin/cc    -fsigned-char -W -Wall -Werror=return-type -Werror=address -Werror=sequence-point -Wformat -Werror=format-security -Wmissing-declarations -Wmissing-prototypes -Wstrict-prototypes -Wundef -Winit-self -Wpointer-arith -Wshadow -Wuninitialized -Wno-comment -Wimplicit-fallthrough=3 -Wno-strict-overflow -fdiagnostics-show-option -pthread -fomit-frame-pointer -ffunction-sections -fdata-sections    -fvisibility=hidden  -O3 -DNDEBUG  -DNDEBUG   -Wl,--gc-sections -Wl,--as-needed  CMakeFiles/cmTC_8ac3f.dir/src.c.o -o cmTC_8ac3f 
gmake[1]: Leaving directory '/home/user/library/opencv-4.5.2/build/CMakeFiles/CMakeTmp'


===== END =====

Determining if the include file io.h exists failed with the following output:
Change Dir: /home/user/library/opencv-4.5.2/build/CMakeFiles/CMakeTmp

Run Build Command(s):/usr/bin/gmake cmTC_da9ca/fast && /usr/bin/gmake  -f CMakeFiles/cmTC_da9ca.dir/build.make CMakeFiles/cmTC_da9ca.dir/build
gmake[1]: Entering directory '/home/user/library/opencv-4.5.2/build/CMakeFiles/CMakeTmp'
Building C object CMakeFiles/cmTC_da9ca.dir/CheckIncludeFile.c.o
/usr/bin/cc   -fsigned-char -W -Wall -Werror=return-type -Werror=address -Werror=sequence-point -Wformat -Werror=format-security -Wmissing-declarations -Wmissing-prototypes -Wstrict-prototypes -Wundef -Winit-self -Wpointer-arith -Wshadow -Wuninitialized -Wno-comment -Wimplicit-fallthrough=3 -Wno-strict-overflow -fdiagnostics-show-option -pthread -fomit-frame-pointer -ffunction-sections -fdata-sections    -fvisibility=hidden  -O3 -DNDEBUG  -DNDEBUG -fPIE -o CMakeFiles/cmTC_da9ca.dir/CheckIncludeFile.c.o -c /home/user/library/opencv-4.5.2/build/CMakeFiles/CMakeTmp/CheckIncludeFile.c
/home/user/library/opencv-4.5.2/build/CMakeFiles/CMakeTmp/CheckIncludeFile.c:1:10: fatal error: io.h: No such file or directory
    1 | #include <io.h>
      |          ^~~~~~
compilation terminated.
gmake[1]: *** [CMakeFiles/cmTC_da9ca.dir/build.make:85: CMakeFiles/cmTC_da9ca.dir/CheckIncludeFile.c.o] Error 1
gmake[1]: Leaving directory '/home/user/library/opencv-4.5.2/build/CMakeFiles/CMakeTmp'
gmake: *** [Makefile:140: cmTC_da9ca/fast] Error 2



Determining size of INT8 failed with the following output:
Change Dir: /home/user/library/opencv-4.5.2/build/CMakeFiles/CMakeTmp

Run Build Command(s):/usr/bin/gmake cmTC_b7c65/fast && /usr/bin/gmake  -f CMakeFiles/cmTC_b7c65.dir/build.make CMakeFiles/cmTC_b7c65.dir/build
gmake[1]: Entering directory '/home/user/library/opencv-4.5.2/build/CMakeFiles/CMakeTmp'
Building C object CMakeFiles/cmTC_b7c65.dir/int8.c.o
/usr/bin/cc   -fsigned-char -W -Wall -Werror=return-type -Werror=address -Werror=sequence-point -Wformat -Werror=format-security -Wmissing-declarations -Wmissing-prototypes -Wstrict-prototypes -Wundef -Winit-self -Wpointer-arith -Wshadow -Wuninitialized -Wno-comment -Wimplicit-fallthrough=3 -Wno-strict-overflow -fdiagnostics-show-option -pthread -fomit-frame-pointer -ffunction-sections -fdata-sections    -fvisibility=hidden  -O3 -DNDEBUG  -DNDEBUG -fPIE -o CMakeFiles/cmTC_b7c65.dir/int8.c.o -c /home/user/library/opencv-4.5.2/build/CMakeFiles/CheckTypeSize/int8.c
/home/user/library/opencv-4.5.2/build/CMakeFiles/CheckTypeSize/int8.c:27:22: error: 'INT8' undeclared here (not in a function); did you mean 'INT8_C'?
   27 | #define SIZE (sizeof(INT8))
      |                      ^~~~
/home/user/library/opencv-4.5.2/build/CMakeFiles/CheckTypeSize/int8.c:29:12: note: in expansion of macro 'SIZE'
   29 |   ('0' + ((SIZE / 10000)%10)),
      |            ^~~~
gmake[1]: *** [CMakeFiles/cmTC_b7c65.dir/build.make:85: CMakeFiles/cmTC_b7c65.dir/int8.c.o] Error 1
gmake[1]: Leaving directory '/home/user/library/opencv-4.5.2/build/CMakeFiles/CMakeTmp'
gmake: *** [Makefile:140: cmTC_b7c65/fast] Error 2


/home/user/library/opencv-4.5.2/build/CMakeFiles/CheckTypeSize/int8.c:
#include <sys/types.h>
#include <stdint.h>
#include <stddef.h>


#undef KEY
#if defined(__i386)
# define KEY '_','_','i','3','8','6'
#elif defined(__x86_64)
# define KEY '_','_','x','8','6','_','6','4'
#elif defined(__PPC64__)
# define KEY '_','_','P','P','C','6','4','_','_'
#elif defined(__ppc64__)
# define KEY '_','_','p','p','c','6','4','_','_'
#elif defined(__PPC__)
# define KEY '_','_','P','P','C','_','_'
#elif defined(__ppc__)
# define KEY '_','_','p','p','c','_','_'
#elif defined(__aarch64__)
# define KEY '_','_','a','a','r','c','h','6','4','_','_'
#elif defined(__ARM_ARCH_7A__)
# define KEY '_','_','A','R','M','_','A','R','C','H','_','7','A','_','_'
#elif defined(__ARM_ARCH_7S__)
# define KEY '_','_','A','R','M','_','A','R','C','H','_','7','S','_','_'
#endif

#define SIZE (sizeof(INT8))
static char info_size[] =  {'I', 'N', 'F', 'O', ':', 's','i','z','e','[',
  ('0' + ((SIZE / 10000)%10)),
  ('0' + ((SIZE / 1000)%10)),
  ('0' + ((SIZE / 100)%10)),
  ('0' + ((SIZE / 10)%10)),
  ('0' +  (SIZE    % 10)),
  ']',
#ifdef KEY
  ' ','k','e','y','[', KEY, ']',
#endif
  '\0'};

#ifdef __CLASSIC_C__
int main(argc, argv) int argc; char *argv[];
#else
int main(int argc, char *argv[])
#endif
{
  int require = 0;
  require += info_size[argc];
  (void)argv;
  return require;
}


Determining size of INT16 failed with the following output:
Change Dir: /home/user/library/opencv-4.5.2/build/CMakeFiles/CMakeTmp

Run Build Command(s):/usr/bin/gmake cmTC_98422/fast && /usr/bin/gmake  -f CMakeFiles/cmTC_98422.dir/build.make CMakeFiles/cmTC_98422.dir/build
gmake[1]: Entering directory '/home/user/library/opencv-4.5.2/build/CMakeFiles/CMakeTmp'
Building C object CMakeFiles/cmTC_98422.dir/int16.c.o
/usr/bin/cc   -fsigned-char -W -Wall -Werror=return-type -Werror=address -Werror=sequence-point -Wformat -Werror=format-security -Wmissing-declarations -Wmissing-prototypes -Wstrict-prototypes -Wundef -Winit-self -Wpointer-arith -Wshadow -Wuninitialized -Wno-comment -Wimplicit-fallthrough=3 -Wno-strict-overflow -fdiagnostics-show-option -pthread -fomit-frame-pointer -ffunction-sections -fdata-sections    -fvisibility=hidden  -O3 -DNDEBUG  -DNDEBUG -fPIE -o CMakeFiles/cmTC_98422.dir/int16.c.o -c /home/user/library/opencv-4.5.2/build/CMakeFiles/CheckTypeSize/int16.c
/home/user/library/opencv-4.5.2/build/CMakeFiles/CheckTypeSize/int16.c:27:22: error: 'INT16' undeclared here (not in a function); did you mean 'INT16_C'?
   27 | #define SIZE (sizeof(INT16))
      |                      ^~~~~
/home/user/library/opencv-4.5.2/build/CMakeFiles/CheckTypeSize/int16.c:29:12: note: in expansion of macro 'SIZE'
   29 |   ('0' + ((SIZE / 10000)%10)),
      |            ^~~~
gmake[1]: *** [CMakeFiles/cmTC_98422.dir/build.make:85: CMakeFiles/cmTC_98422.dir/int16.c.o] Error 1
gmake[1]: Leaving directory '/home/user/library/opencv-4.5.2/build/CMakeFiles/CMakeTmp'
gmake: *** [Makefile:140: cmTC_98422/fast] Error 2


/home/user/library/opencv-4.5.2/build/CMakeFiles/CheckTypeSize/int16.c:
#include <sys/types.h>
#include <stdint.h>
#include <stddef.h>


#undef KEY
#if defined(__i386)
# define KEY '_','_','i','3','8','6'
#elif defined(__x86_64)
# define KEY '_','_','x','8','6','_','6','4'
#elif defined(__PPC64__)
# define KEY '_','_','P','P','C','6','4','_','_'
#elif defined(__ppc64__)
# define KEY '_','_','p','p','c','6','4','_','_'
#elif defined(__PPC__)
# define KEY '_','_','P','P','C','_','_'
#elif defined(__ppc__)
# define KEY '_','_','p','p','c','_','_'
#elif defined(__aarch64__)
# define KEY '_','_','a','a','r','c','h','6','4','_','_'
#elif defined(__ARM_ARCH_7A__)
# define KEY '_','_','A','R','M','_','A','R','C','H','_','7','A','_','_'
#elif defined(__ARM_ARCH_7S__)
# define KEY '_','_','A','R','M','_','A','R','C','H','_','7','S','_','_'
#endif

#define SIZE (sizeof(INT16))
static char info_size[] =  {'I', 'N', 'F', 'O', ':', 's','i','z','e','[',
  ('0' + ((SIZE / 10000)%10)),
  ('0' + ((SIZE / 1000)%10)),
  ('0' + ((SIZE / 100)%10)),
  ('0' + ((SIZE / 10)%10)),
  ('0' +  (SIZE    % 10)),
  ']',
#ifdef KEY
  ' ','k','e','y','[', KEY, ']',
#endif
  '\0'};

#ifdef __CLASSIC_C__
int main(argc, argv) int argc; char *argv[];
#else
int main(int argc, char *argv[])
#endif
{
  int require = 0;
  require += info_size[argc];
  (void)argv;
  return require;
}


Determining size of INT32 failed with the following output:
Change Dir: /home/user/library/opencv-4.5.2/build/CMakeFiles/CMakeTmp

Run Build Command(s):/usr/bin/gmake cmTC_a8c65/fast && /usr/bin/gmake  -f CMakeFiles/cmTC_a8c65.dir/build.make CMakeFiles/cmTC_a8c65.dir/build
gmake[1]: Entering directory '/home/user/library/opencv-4.5.2/build/CMakeFiles/CMakeTmp'
Building C object CMakeFiles/cmTC_a8c65.dir/int32.c.o
/usr/bin/cc   -fsigned-char -W -Wall -Werror=return-type -Werror=address -Werror=sequence-point -Wformat -Werror=format-security -Wmissing-declarations -Wmissing-prototypes -Wstrict-prototypes -Wundef -Winit-self -Wpointer-arith -Wshadow -Wuninitialized -Wno-comment -Wimplicit-fallthrough=3 -Wno-strict-overflow -fdiagnostics-show-option -pthread -fomit-frame-pointer -ffunction-sections -fdata-sections    -fvisibility=hidden  -O3 -DNDEBUG  -DNDEBUG -fPIE -o CMakeFiles/cmTC_a8c65.dir/int32.c.o -c /home/user/library/opencv-4.5.2/build/CMakeFiles/CheckTypeSize/int32.c
/home/user/library/opencv-4.5.2/build/CMakeFiles/CheckTypeSize/int32.c:27:22: error: 'INT32' undeclared here (not in a function); did you mean 'INT32_C'?
   27 | #define SIZE (sizeof(INT32))
      |                      ^~~~~
/home/user/library/opencv-4.5.2/build/CMakeFiles/CheckTypeSize/int32.c:29:12: note: in expansion of macro 'SIZE'
   29 |   ('0' + ((SIZE / 10000)%10)),
      |            ^~~~
gmake[1]: *** [CMakeFiles/cmTC_a8c65.dir/build.make:85: CMakeFiles/cmTC_a8c65.dir/int32.c.o] Error 1
gmake[1]: Leaving directory '/home/user/library/opencv-4.5.2/build/CMakeFiles/CMakeTmp'
gmake: *** [Makefile:140: cmTC_a8c65/fast] Error 2


/home/user/library/opencv-4.5.2/build/CMakeFiles/CheckTypeSize/int32.c:
#include <sys/types.h>
#include <stdint.h>
#include <stddef.h>


#undef KEY
#if defined(__i386)
# define KEY '_','_','i','3','8','6'
#elif defined(__x86_64)
# define KEY '_','_','x','8','6','_','6','4'
#elif defined(__PPC64__)
# define KEY '_','_','P','P','C','6','4','_','_'
#elif defined(__ppc64__)
# define KEY '_','_','p','p','c','6','4','_','_'
#elif defined(__PPC__)
# define KEY '_','_','P','P','C','_','_'
#elif defined(__ppc__)
# define KEY '_','_','p','p','c','_','_'
#elif defined(__aarch64__)
# define KEY '_','_','a','a','r','c','h','6','4','_','_'
#elif defined(__ARM_ARCH_7A__)
# define KEY '_','_','A','R','M','_','A','R','C','H','_','7','A','_','_'
#elif defined(__ARM_ARCH_7S__)
# define KEY '_','_','A','R','M','_','A','R','C','H','_','7','S','_','_'
#endif

#define SIZE (sizeof(INT32))
static char info_size[] =  {'I', 'N', 'F', 'O', ':', 's','i','z','e','[',
  ('0' + ((SIZE / 10000)%10)),
  ('0' + ((SIZE / 1000)%10)),
  ('0' + ((SIZE / 100)%10)),
  ('0' + ((SIZE / 10)%10)),
  ('0' +  (SIZE    % 10)),
  ']',
#ifdef KEY
  ' ','k','e','y','[', KEY, ']',
#endif
  '\0'};

#ifdef __CLASSIC_C__
int main(argc, argv) int argc; char *argv[];
#else
int main(int argc, char *argv[])
#endif
{
  int require = 0;
  require += info_size[argc];
  (void)argv;
  return require;
}


Determining if the function setmode exists failed with the following output:
Change Dir: /home/user/library/opencv-4.5.2/build/CMakeFiles/CMakeTmp

Run Build Command(s):/usr/bin/gmake cmTC_06f67/fast && /usr/bin/gmake  -f CMakeFiles/cmTC_06f67.dir/build.make CMakeFiles/cmTC_06f67.dir/build
gmake[1]: Entering directory '/home/user/library/opencv-4.5.2/build/CMakeFiles/CMakeTmp'
Building C object CMakeFiles/cmTC_06f67.dir/CheckFunctionExists.c.o
/usr/bin/cc   -fsigned-char -W -Wall -Werror=return-type -Werror=address -Werror=sequence-point -Wformat -Werror=format-security -Wmissing-declarations -Wmissing-prototypes -Wstrict-prototypes -Wundef -Winit-self -Wpointer-arith -Wshadow -Wuninitialized -Wno-comment -Wimplicit-fallthrough=3 -Wno-strict-overflow -fdiagnostics-show-option -pthread -fomit-frame-pointer -ffunction-sections -fdata-sections    -fvisibility=hidden -DCHECK_FUNCTION_EXISTS=setmode -O3 -DNDEBUG  -DNDEBUG -fPIE -o CMakeFiles/cmTC_06f67.dir/CheckFunctionExists.c.o -c /usr/share/cmake-3.18/Modules/CheckFunctionExists.c
Linking C executable cmTC_06f67
/usr/bin/cmake -E cmake_link_script CMakeFiles/cmTC_06f67.dir/link.txt --verbose=1
/usr/bin/cc    -fsigned-char -W -Wall -Werror=return-type -Werror=address -Werror=sequence-point -Wformat -Werror=format-security -Wmissing-declarations -Wmissing-prototypes -Wstrict-prototypes -Wundef -Winit-self -Wpointer-arith -Wshadow -Wuninitialized -Wno-comment -Wimplicit-fallthrough=3 -Wno-strict-overflow -fdiagnostics-show-option -pthread -fomit-frame-pointer -ffunction-sections -fdata-sections    -fvisibility=hidden -DCHECK_FUNCTION_EXISTS=setmode -O3 -DNDEBUG  -DNDEBUG   -Wl,--gc-sections -Wl,--as-needed  CMakeFiles/cmTC_06f67.dir/CheckFunctionExists.c.o -o cmTC_06f67 
/usr/bin/ld: CMakeFiles/cmTC_06f67.dir/CheckFunctionExists.c.o: in function `main':
CheckFunctionExists.c:(.text.startup.main+0x10): undefined reference to `setmode'
collect2: error: ld returned 1 exit status
gmake[1]: *** [CMakeFiles/cmTC_06f67.dir/build.make:106: cmTC_06f67] Error 1
gmake[1]: Leaving directory '/home/user/library/opencv-4.5.2/build/CMakeFiles/CMakeTmp'
gmake: *** [Makefile:140: cmTC_06f67/fast] Error 2



Build output check failed:
    Regex: 'command[- ]line option .* is valid for .* but not for C\+\+'
    Output line: 'cc1plus: warning: command-line option '-Wno-missing-prototypes' is valid for C/ObjC but not for C++'
Compilation failed:
    source file: '/home/user/library/opencv-4.5.2/build/CMakeFiles/CMakeTmp/src.cxx'
    check option: ' -Wno-missing-prototypes'
===== BUILD LOG =====
Change Dir: /home/user/library/opencv-4.5.2/build/CMakeFiles/CMakeTmp

Run Build Command(s):/usr/bin/gmake cmTC_5a8f6/fast && /usr/bin/gmake  -f CMakeFiles/cmTC_5a8f6.dir/build.make CMakeFiles/cmTC_5a8f6.dir/build
gmake[1]: Entering directory '/home/user/library/opencv-4.5.2/build/CMakeFiles/CMakeTmp'
Building CXX object CMakeFiles/cmTC_5a8f6.dir/src.cxx.o
/usr/bin/c++   -fsigned-char -W -Wall -Werror=return-type -Werror=non-virtual-dtor -Werror=address -Werror=sequence-point -Wformat -Werror=format-security -Wundef -Winit-self -Wpointer-arith -Wshadow -Wsign-promo -Wuninitialized -Wsuggest-override -Wno-delete-non-virtual-dtor -Wno-comment -Wimplicit-fallthrough=3 -Wno-strict-overflow -fdiagnostics-show-option -pthread -fomit-frame-pointer -ffunction-sections -fdata-sections    -fvisibility=hidden -fvisibility-inlines-hidden -Wno-missing-declarations -Wno-unused-parameter  -O3 -DNDEBUG  -DNDEBUG -fPIE    -Wno-missing-prototypes -std=c++11 -o CMakeFiles/cmTC_5a8f6.dir/src.cxx.o -c /home/user/library/opencv-4.5.2/build/CMakeFiles/CMakeTmp/src.cxx
cc1plus: warning: command-line option '-Wno-missing-prototypes' is valid for C/ObjC but not for C++
/home/user/library/opencv-4.5.2/build/CMakeFiles/CMakeTmp/src.cxx:1: warning: ignoring '#pragma  ' [-Wunknown-pragmas]
    1 | #pragma
      | 
Linking CXX executable cmTC_5a8f6
/usr/bin/cmake -E cmake_link_script CMakeFiles/cmTC_5a8f6.dir/link.txt --verbose=1
/usr/bin/c++    -fsigned-char -W -Wall -Werror=return-type -Werror=non-virtual-dtor -Werror=address -Werror=sequence-point -Wformat -Werror=format-security -Wundef -Winit-self -Wpointer-arith -Wshadow -Wsign-promo -Wuninitialized -Wsuggest-override -Wno-delete-non-virtual-dtor -Wno-comment -Wimplicit-fallthrough=3 -Wno-strict-overflow -fdiagnostics-show-option -pthread -fomit-frame-pointer -ffunction-sections -fdata-sections    -fvisibility=hidden -fvisibility-inlines-hidden -Wno-missing-declarations -Wno-unused-parameter  -O3 -DNDEBUG  -DNDEBUG   -Wl,--gc-sections -Wl,--as-needed  CMakeFiles/cmTC_5a8f6.dir/src.cxx.o -o cmTC_5a8f6 
gmake[1]: Leaving directory '/home/user/library/opencv-4.5.2/build/CMakeFiles/CMakeTmp'


===== END =====

Build output check failed:
    Regex: 'unrecognized .*option'
    Output line: 'cc1: note: unrecognized command-line option '-Wno-implicit-const-int-float-conversion' may have been intended to silence earlier diagnostics'
Compilation failed:
    source file: '/home/user/library/opencv-4.5.2/build/CMakeFiles/CMakeTmp/src.c'
    check option: ' -Wno-implicit-const-int-float-conversion'
===== BUILD LOG =====
Change Dir: /home/user/library/opencv-4.5.2/build/CMakeFiles/CMakeTmp

Run Build Command(s):/usr/bin/gmake cmTC_86529/fast && /usr/bin/gmake  -f CMakeFiles/cmTC_86529.dir/build.make CMakeFiles/cmTC_86529.dir/build
gmake[1]: Entering directory '/home/user/library/opencv-4.5.2/build/CMakeFiles/CMakeTmp'
Building C object CMakeFiles/cmTC_86529.dir/src.c.o
/usr/bin/cc   -fsigned-char -W -Wall -Werror=return-type -Werror=address -Werror=sequence-point -Wformat -Werror=format-security -Wmissing-declarations -Wmissing-prototypes -Wstrict-prototypes -Wundef -Winit-self -Wpointer-arith -Wshadow -Wuninitialized -Wno-comment -Wimplicit-fallthrough=3 -Wno-strict-overflow -fdiagnostics-show-option -pthread -fomit-frame-pointer -ffunction-sections -fdata-sections    -fvisibility=hidden  -O3 -DNDEBUG  -DNDEBUG -fPIE    -Wno-implicit-const-int-float-conversion -o CMakeFiles/cmTC_86529.dir/src.c.o -c /home/user/library/opencv-4.5.2/build/CMakeFiles/CMakeTmp/src.c
/home/user/library/opencv-4.5.2/build/CMakeFiles/CMakeTmp/src.c:1: warning: ignoring '#pragma  ' [-Wunknown-pragmas]
    1 | #pragma
      | 
cc1: note: unrecognized command-line option '-Wno-implicit-const-int-float-conversion' may have been intended to silence earlier diagnostics
Linking C executable cmTC_86529
/usr/bin/cmake -E cmake_link_script CMakeFiles/cmTC_86529.dir/link.txt --verbose=1
/usr/bin/cc    -fsigned-char -W -Wall -Werror=return-type -Werror=address -Werror=sequence-point -Wformat -Werror=format-security -Wmissing-declarations -Wmissing-prototypes -Wstrict-prototypes -Wundef -Winit-self -Wpointer-arith -Wshadow -Wuninitialized -Wno-comment -Wimplicit-fallthrough=3 -Wno-strict-overflow -fdiagnostics-show-option -pthread -fomit-frame-pointer -ffunction-sections -fdata-sections    -fvisibility=hidden  -O3 -DNDEBUG  -DNDEBUG   -Wl,--gc-sections -Wl,--as-needed  CMakeFiles/cmTC_86529.dir/src.c.o -o cmTC_86529 
gmake[1]: Leaving directory '/home/user/library/opencv-4.5.2/build/CMakeFiles/CMakeTmp'


===== END =====

Determining if the _aligned_malloc exist failed with the following output:
Change Dir: /home/user/library/opencv-4.5.2/build/CMakeFiles/CMakeTmp

Run Build Command(s):/usr/bin/gmake cmTC_48851/fast && /usr/bin/gmake  -f CMakeFiles/cmTC_48851.dir/build.make CMakeFiles/cmTC_48851.dir/build
gmake[1]: Entering directory '/home/user/library/opencv-4.5.2/build/CMakeFiles/CMakeTmp'
Building C object CMakeFiles/cmTC_48851.dir/CheckSymbolExists.c.o
/usr/bin/cc   -fsigned-char -W -Wall -Werror=return-type -Werror=address -Werror=sequence-point -Wformat -Werror=format-security -Wmissing-declarations -Wmissing-prototypes -Wstrict-prototypes -Wundef -Winit-self -Wpointer-arith -Wshadow -Wuninitialized -Wno-comment -Wimplicit-fallthrough=3 -Wno-strict-overflow -fdiagnostics-show-option -pthread -fomit-frame-pointer -ffunction-sections -fdata-sections    -fvisibility=hidden  -O3 -DNDEBUG  -DNDEBUG -fPIE -o CMakeFiles/cmTC_48851.dir/CheckSymbolExists.c.o -c /home/user/library/opencv-4.5.2/build/CMakeFiles/CMakeTmp/CheckSymbolExists.c
/home/user/library/opencv-4.5.2/build/CMakeFiles/CMakeTmp/CheckSymbolExists.c: In function 'main':
/home/user/library/opencv-4.5.2/build/CMakeFiles/CMakeTmp/CheckSymbolExists.c:8:19: error: '_aligned_malloc' undeclared (first use in this function)
    8 |   return ((int*)(&_aligned_malloc))[argc];
      |                   ^~~~~~~~~~~~~~~
/home/user/library/opencv-4.5.2/build/CMakeFiles/CMakeTmp/CheckSymbolExists.c:8:19: note: each undeclared identifier is reported only once for each function it appears in
/home/user/library/opencv-4.5.2/build/CMakeFiles/CMakeTmp/CheckSymbolExists.c:4:14: warning: parameter 'argc' set but not used [-Wunused-but-set-parameter]
    4 | int main(int argc, char** argv)
      |          ~~~~^~~~
gmake[1]: *** [CMakeFiles/cmTC_48851.dir/build.make:85: CMakeFiles/cmTC_48851.dir/CheckSymbolExists.c.o] Error 1
gmake[1]: Leaving directory '/home/user/library/opencv-4.5.2/build/CMakeFiles/CMakeTmp'
gmake: *** [Makefile:140: cmTC_48851/fast] Error 2


File /home/user/library/opencv-4.5.2/build/CMakeFiles/CMakeTmp/CheckSymbolExists.c:
/* */
#include <malloc.h>

int main(int argc, char** argv)
{
  (void)argv;
#ifndef _aligned_malloc
  return ((int*)(&_aligned_malloc))[argc];
#else
  (void)argc;
  return 0;
#endif
}
Build output check failed:
    Regex: 'unrecognized .*option'
    Output line: 'cc1plus: note: unrecognized command-line option '-Wno-inconsistent-missing-override' may have been intended to silence earlier diagnostics'
Compilation failed:
    source file: '/home/user/library/opencv-4.5.2/build/CMakeFiles/CMakeTmp/src.cxx'
    check option: ' -Wno-inconsistent-missing-override'
===== BUILD LOG =====
Change Dir: /home/user/library/opencv-4.5.2/build/CMakeFiles/CMakeTmp

Run Build Command(s):/usr/bin/gmake cmTC_151f3/fast && /usr/bin/gmake  -f CMakeFiles/cmTC_151f3.dir/build.make CMakeFiles/cmTC_151f3.dir/build
gmake[1]: Entering directory '/home/user/library/opencv-4.5.2/build/CMakeFiles/CMakeTmp'
Building CXX object CMakeFiles/cmTC_151f3.dir/src.cxx.o
/usr/bin/c++   -fsigned-char -W -Wall -Werror=return-type -Werror=non-virtual-dtor -Werror=address -Werror=sequence-point -Wformat -Werror=format-security -Winit-self -Wpointer-arith -Wsign-promo -Wno-delete-non-virtual-dtor -Wno-comment -Wimplicit-fallthrough=3 -Wno-strict-overflow -fdiagnostics-show-option -pthread -fomit-frame-pointer -ffunction-sections -fdata-sections    -fvisibility=hidden -fvisibility-inlines-hidden -Wno-shadow -Wno-unused -Wno-sign-compare -Wno-undef -Wno-missing-declarations -Wno-uninitialized -Wno-switch -Wno-parentheses -Wno-array-bounds -Wno-extra -Wno-deprecated-declarations -Wno-misleading-indentation -Wno-deprecated -Wno-suggest-override  -O3 -DNDEBUG  -DNDEBUG -fPIE    -Wno-inconsistent-missing-override -std=c++11 -o CMakeFiles/cmTC_151f3.dir/src.cxx.o -c /home/user/library/opencv-4.5.2/build/CMakeFiles/CMakeTmp/src.cxx
/home/user/library/opencv-4.5.2/build/CMakeFiles/CMakeTmp/src.cxx:1: warning: ignoring '#pragma  ' [-Wunknown-pragmas]
    1 | #pragma
      | 
cc1plus: note: unrecognized command-line option '-Wno-inconsistent-missing-override' may have been intended to silence earlier diagnostics
Linking CXX executable cmTC_151f3
/usr/bin/cmake -E cmake_link_script CMakeFiles/cmTC_151f3.dir/link.txt --verbose=1
/usr/bin/c++    -fsigned-char -W -Wall -Werror=return-type -Werror=non-virtual-dtor -Werror=address -Werror=sequence-point -Wformat -Werror=format-security -Winit-self -Wpointer-arith -Wsign-promo -Wno-delete-non-virtual-dtor -Wno-comment -Wimplicit-fallthrough=3 -Wno-strict-overflow -fdiagnostics-show-option -pthread -fomit-frame-pointer -ffunction-sections -fdata-sections    -fvisibility=hidden -fvisibility-inlines-hidden -Wno-shadow -Wno-unused -Wno-sign-compare -Wno-undef -Wno-missing-declarations -Wno-uninitialized -Wno-switch -Wno-parentheses -Wno-array-bounds -Wno-extra -Wno-deprecated-declarations -Wno-misleading-indentation -Wno-deprecated -Wno-suggest-override  -O3 -DNDEBUG  -DNDEBUG   -Wl,--gc-sections -Wl,--as-needed  CMakeFiles/cmTC_151f3.dir/src.cxx.o -o cmTC_151f3 
gmake[1]: Leaving directory '/home/user/library/opencv-4.5.2/build/CMakeFiles/CMakeTmp'


===== END =====

Build output check failed:
    Regex: 'unrecognized .*option'
    Output line: 'cc1plus: note: unrecognized command-line option '-Wno-implicit-const-int-float-conversion' may have been intended to silence earlier diagnostics'
Compilation failed:
    source file: '/home/user/library/opencv-4.5.2/build/CMakeFiles/CMakeTmp/src.cxx'
    check option: ' -Wno-implicit-const-int-float-conversion'
===== BUILD LOG =====
Change Dir: /home/user/library/opencv-4.5.2/build/CMakeFiles/CMakeTmp

Run Build Command(s):/usr/bin/gmake cmTC_69dbb/fast && /usr/bin/gmake  -f CMakeFiles/cmTC_69dbb.dir/build.make CMakeFiles/cmTC_69dbb.dir/build
gmake[1]: Entering directory '/home/user/library/opencv-4.5.2/build/CMakeFiles/CMakeTmp'
Building CXX object CMakeFiles/cmTC_69dbb.dir/src.cxx.o
/usr/bin/c++   -fsigned-char -W -Wall -Werror=return-type -Werror=non-virtual-dtor -Werror=address -Werror=sequence-point -Wformat -Werror=format-security -Winit-self -Wpointer-arith -Wsign-promo -Wno-delete-non-virtual-dtor -Wno-comment -Wno-strict-overflow -fdiagnostics-show-option -pthread -fomit-frame-pointer -ffunction-sections -fdata-sections    -fvisibility=hidden -fvisibility-inlines-hidden -Wno-shadow -Wno-unused -Wno-sign-compare -Wno-undef -Wno-missing-declarations -Wno-uninitialized -Wno-switch -Wno-parentheses -Wno-array-bounds -Wno-extra -Wno-deprecated-declarations -Wno-misleading-indentation -Wno-deprecated -Wno-suggest-override -Wno-implicit-fallthrough -Wno-tautological-compare -Wno-reorder -Wno-unused-result  -O3 -DNDEBUG  -DNDEBUG -fPIE    -Wno-implicit-const-int-float-conversion -std=c++11 -o CMakeFiles/cmTC_69dbb.dir/src.cxx.o -c /home/user/library/opencv-4.5.2/build/CMakeFiles/CMakeTmp/src.cxx
/home/user/library/opencv-4.5.2/build/CMakeFiles/CMakeTmp/src.cxx:1: warning: ignoring '#pragma  ' [-Wunknown-pragmas]
    1 | #pragma
      | 
cc1plus: note: unrecognized command-line option '-Wno-implicit-const-int-float-conversion' may have been intended to silence earlier diagnostics
Linking CXX executable cmTC_69dbb
/usr/bin/cmake -E cmake_link_script CMakeFiles/cmTC_69dbb.dir/link.txt --verbose=1
/usr/bin/c++    -fsigned-char -W -Wall -Werror=return-type -Werror=non-virtual-dtor -Werror=address -Werror=sequence-point -Wformat -Werror=format-security -Winit-self -Wpointer-arith -Wsign-promo -Wno-delete-non-virtual-dtor -Wno-comment -Wno-strict-overflow -fdiagnostics-show-option -pthread -fomit-frame-pointer -ffunction-sections -fdata-sections    -fvisibility=hidden -fvisibility-inlines-hidden -Wno-shadow -Wno-unused -Wno-sign-compare -Wno-undef -Wno-missing-declarations -Wno-uninitialized -Wno-switch -Wno-parentheses -Wno-array-bounds -Wno-extra -Wno-deprecated-declarations -Wno-misleading-indentation -Wno-deprecated -Wno-suggest-override -Wno-implicit-fallthrough -Wno-tautological-compare -Wno-reorder -Wno-unused-result  -O3 -DNDEBUG  -DNDEBUG   -Wl,--gc-sections -Wl,--as-needed  CMakeFiles/cmTC_69dbb.dir/src.cxx.o -o cmTC_69dbb 
gmake[1]: Leaving directory '/home/user/library/opencv-4.5.2/build/CMakeFiles/CMakeTmp'


===== END =====

Determining if the function sgemm_ exists failed with the following output:
Change Dir: /home/user/library/opencv-4.5.2/build/CMakeFiles/CMakeTmp

Run Build Command(s):/usr/bin/gmake cmTC_013b7/fast && /usr/bin/gmake  -f CMakeFiles/cmTC_013b7.dir/build.make CMakeFiles/cmTC_013b7.dir/build
gmake[1]: Entering directory '/home/user/library/opencv-4.5.2/build/CMakeFiles/CMakeTmp'
Building C object CMakeFiles/cmTC_013b7.dir/CheckFunctionExists.c.o
/usr/bin/cc   -fsigned-char -W -Wall -Werror=return-type -Werror=address -Werror=sequence-point -Wformat -Werror=format-security -Wmissing-declarations -Wmissing-prototypes -Wstrict-prototypes -Wundef -Winit-self -Wpointer-arith -Wshadow -Wuninitialized -Wno-comment -Wimplicit-fallthrough=3 -Wno-strict-overflow -fdiagnostics-show-option -pthread -fomit-frame-pointer -ffunction-sections -fdata-sections    -fvisibility=hidden -DCHECK_FUNCTION_EXISTS=sgemm_ -O3 -DNDEBUG  -DNDEBUG -fPIE -o CMakeFiles/cmTC_013b7.dir/CheckFunctionExists.c.o -c /usr/share/cmake-3.18/Modules/CheckFunctionExists.c
Linking C executable cmTC_013b7
/usr/bin/cmake -E cmake_link_script CMakeFiles/cmTC_013b7.dir/link.txt --verbose=1
/usr/bin/cc    -fsigned-char -W -Wall -Werror=return-type -Werror=address -Werror=sequence-point -Wformat -Werror=format-security -Wmissing-declarations -Wmissing-prototypes -Wstrict-prototypes -Wundef -Winit-self -Wpointer-arith -Wshadow -Wuninitialized -Wno-comment -Wimplicit-fallthrough=3 -Wno-strict-overflow -fdiagnostics-show-option -pthread -fomit-frame-pointer -ffunction-sections -fdata-sections    -fvisibility=hidden -DCHECK_FUNCTION_EXISTS=sgemm_ -O3 -DNDEBUG  -DNDEBUG   -Wl,--gc-sections -Wl,--as-needed  CMakeFiles/cmTC_013b7.dir/CheckFunctionExists.c.o -o cmTC_013b7 
/usr/bin/ld: CMakeFiles/cmTC_013b7.dir/CheckFunctionExists.c.o: in function `main':
CheckFunctionExists.c:(.text.startup.main+0x10): undefined reference to `sgemm_'
collect2: error: ld returned 1 exit status
gmake[1]: *** [CMakeFiles/cmTC_013b7.dir/build.make:106: cmTC_013b7] Error 1
gmake[1]: Leaving directory '/home/user/library/opencv-4.5.2/build/CMakeFiles/CMakeTmp'
gmake: *** [Makefile:140: cmTC_013b7/fast] Error 2



Build output check failed:
    Regex: 'unrecognized .*option'
    Output line: 'cc1plus: note: unrecognized command-line option '-Wno-tautological-undefined-compare' may have been intended to silence earlier diagnostics'
Compilation failed:
    source file: '/home/user/library/opencv-4.5.2/build/CMakeFiles/CMakeTmp/src.cxx'
    check option: ' -Wno-tautological-undefined-compare'
===== BUILD LOG =====
Change Dir: /home/user/library/opencv-4.5.2/build/CMakeFiles/CMakeTmp

Run Build Command(s):/usr/bin/gmake cmTC_2736b/fast && /usr/bin/gmake  -f CMakeFiles/cmTC_2736b.dir/build.make CMakeFiles/cmTC_2736b.dir/build
gmake[1]: Entering directory '/home/user/library/opencv-4.5.2/build/CMakeFiles/CMakeTmp'
Building CXX object CMakeFiles/cmTC_2736b.dir/src.cxx.o
/usr/bin/c++   -fsigned-char -W -Wall -Werror=return-type -Werror=non-virtual-dtor -Werror=address -Werror=sequence-point -Wformat -Werror=format-security -Winit-self -Wpointer-arith -Wuninitialized -Wsuggest-override -Wno-delete-non-virtual-dtor -Wno-comment -Wimplicit-fallthrough=3 -Wno-strict-overflow -fdiagnostics-show-option -pthread -fomit-frame-pointer -ffunction-sections -fdata-sections    -fvisibility=hidden -fvisibility-inlines-hidden -Wno-deprecated -Wno-missing-declarations -Wno-shadow -Wno-unused-parameter -Wno-unused-local-typedefs -Wno-sign-compare -Wno-sign-promo -Wno-undef  -O3 -DNDEBUG  -DNDEBUG -fPIE    -Wno-tautological-undefined-compare -std=c++11 -o CMakeFiles/cmTC_2736b.dir/src.cxx.o -c /home/user/library/opencv-4.5.2/build/CMakeFiles/CMakeTmp/src.cxx
/home/user/library/opencv-4.5.2/build/CMakeFiles/CMakeTmp/src.cxx:1: warning: ignoring '#pragma  ' [-Wunknown-pragmas]
    1 | #pragma
      | 
cc1plus: note: unrecognized command-line option '-Wno-tautological-undefined-compare' may have been intended to silence earlier diagnostics
Linking CXX executable cmTC_2736b
/usr/bin/cmake -E cmake_link_script CMakeFiles/cmTC_2736b.dir/link.txt --verbose=1
/usr/bin/c++    -fsigned-char -W -Wall -Werror=return-type -Werror=non-virtual-dtor -Werror=address -Werror=sequence-point -Wformat -Werror=format-security -Winit-self -Wpointer-arith -Wuninitialized -Wsuggest-override -Wno-delete-non-virtual-dtor -Wno-comment -Wimplicit-fallthrough=3 -Wno-strict-overflow -fdiagnostics-show-option -pthread -fomit-frame-pointer -ffunction-sections -fdata-sections    -fvisibility=hidden -fvisibility-inlines-hidden -Wno-deprecated -Wno-missing-declarations -Wno-shadow -Wno-unused-parameter -Wno-unused-local-typedefs -Wno-sign-compare -Wno-sign-promo -Wno-undef  -O3 -DNDEBUG  -DNDEBUG   -Wl,--gc-sections -Wl,--as-needed  CMakeFiles/cmTC_2736b.dir/src.cxx.o -o cmTC_2736b 
gmake[1]: Leaving directory '/home/user/library/opencv-4.5.2/build/CMakeFiles/CMakeTmp'


===== END =====

Build output check failed:
    Regex: 'unrecognized .*option'
    Output line: 'cc1plus: note: unrecognized command-line option '-Wno-shorten-64-to-32' may have been intended to silence earlier diagnostics'
Compilation failed:
    source file: '/home/user/library/opencv-4.5.2/build/CMakeFiles/CMakeTmp/src.cxx'
    check option: ' -Wno-shorten-64-to-32'
===== BUILD LOG =====
Change Dir: /home/user/library/opencv-4.5.2/build/CMakeFiles/CMakeTmp

Run Build Command(s):/usr/bin/gmake cmTC_c3272/fast && /usr/bin/gmake  -f CMakeFiles/cmTC_c3272.dir/build.make CMakeFiles/cmTC_c3272.dir/build
gmake[1]: Entering directory '/home/user/library/opencv-4.5.2/build/CMakeFiles/CMakeTmp'
Building CXX object CMakeFiles/cmTC_c3272.dir/src.cxx.o
/usr/bin/c++   -fsigned-char -W -Wall -Werror=return-type -Werror=non-virtual-dtor -Werror=address -Werror=sequence-point -Wformat -Werror=format-security -Winit-self -Wpointer-arith -Wuninitialized -Wsuggest-override -Wno-delete-non-virtual-dtor -Wno-comment -Wimplicit-fallthrough=3 -Wno-strict-overflow -fdiagnostics-show-option -pthread -fomit-frame-pointer -ffunction-sections -fdata-sections    -fvisibility=hidden -fvisibility-inlines-hidden -Wno-deprecated -Wno-missing-declarations -Wno-shadow -Wno-unused-parameter -Wno-unused-local-typedefs -Wno-sign-compare -Wno-sign-promo -Wno-undef -Wno-ignored-qualifiers -Wno-extra -Wno-unused-function -Wno-unused-const-variable  -O3 -DNDEBUG  -DNDEBUG -fPIE    -Wno-shorten-64-to-32 -std=c++11 -o CMakeFiles/cmTC_c3272.dir/src.cxx.o -c /home/user/library/opencv-4.5.2/build/CMakeFiles/CMakeTmp/src.cxx
/home/user/library/opencv-4.5.2/build/CMakeFiles/CMakeTmp/src.cxx:1: warning: ignoring '#pragma  ' [-Wunknown-pragmas]
    1 | #pragma
      | 
cc1plus: note: unrecognized command-line option '-Wno-shorten-64-to-32' may have been intended to silence earlier diagnostics
Linking CXX executable cmTC_c3272
/usr/bin/cmake -E cmake_link_script CMakeFiles/cmTC_c3272.dir/link.txt --verbose=1
/usr/bin/c++    -fsigned-char -W -Wall -Werror=return-type -Werror=non-virtual-dtor -Werror=address -Werror=sequence-point -Wformat -Werror=format-security -Winit-self -Wpointer-arith -Wuninitialized -Wsuggest-override -Wno-delete-non-virtual-dtor -Wno-comment -Wimplicit-fallthrough=3 -Wno-strict-overflow -fdiagnostics-show-option -pthread -fomit-frame-pointer -ffunction-sections -fdata-sections    -fvisibility=hidden -fvisibility-inlines-hidden -Wno-deprecated -Wno-missing-declarations -Wno-shadow -Wno-unused-parameter -Wno-unused-local-typedefs -Wno-sign-compare -Wno-sign-promo -Wno-undef -Wno-ignored-qualifiers -Wno-extra -Wno-unused-function -Wno-unused-const-variable  -O3 -DNDEBUG  -DNDEBUG   -Wl,--gc-sections -Wl,--as-needed  CMakeFiles/cmTC_c3272.dir/src.cxx.o -o cmTC_c3272 
gmake[1]: Leaving directory '/home/user/library/opencv-4.5.2/build/CMakeFiles/CMakeTmp'


===== END =====

Build output check failed:
    Regex: 'unrecognized .*option'
    Output line: 'cc1plus: note: unrecognized command-line option '-Wno-enum-compare-switch' may have been intended to silence earlier diagnostics'
Compilation failed:
    source file: '/home/user/library/opencv-4.5.2/build/CMakeFiles/CMakeTmp/src.cxx'
    check option: ' -Wno-enum-compare-switch'
===== BUILD LOG =====
Change Dir: /home/user/library/opencv-4.5.2/build/CMakeFiles/CMakeTmp

Run Build Command(s):/usr/bin/gmake cmTC_3b638/fast && /usr/bin/gmake  -f CMakeFiles/cmTC_3b638.dir/build.make CMakeFiles/cmTC_3b638.dir/build
gmake[1]: Entering directory '/home/user/library/opencv-4.5.2/build/CMakeFiles/CMakeTmp'
Building CXX object CMakeFiles/cmTC_3b638.dir/src.cxx.o
/usr/bin/c++   -fsigned-char -W -Wall -Werror=return-type -Werror=non-virtual-dtor -Werror=address -Werror=sequence-point -Wformat -Werror=format-security -Winit-self -Wpointer-arith -Wuninitialized -Wsuggest-override -Wno-delete-non-virtual-dtor -Wno-comment -Wimplicit-fallthrough=3 -Wno-strict-overflow -fdiagnostics-show-option -pthread -fomit-frame-pointer -ffunction-sections -fdata-sections    -fvisibility=hidden -fvisibility-inlines-hidden -Wno-deprecated -Wno-missing-declarations -Wno-shadow -Wno-unused-parameter -Wno-unused-local-typedefs -Wno-sign-compare -Wno-sign-promo -Wno-undef -Wno-ignored-qualifiers -Wno-extra -Wno-unused-function -Wno-unused-const-variable -Wno-invalid-offsetof  -O3 -DNDEBUG  -DNDEBUG -fPIE    -Wno-enum-compare-switch -std=c++11 -o CMakeFiles/cmTC_3b638.dir/src.cxx.o -c /home/user/library/opencv-4.5.2/build/CMakeFiles/CMakeTmp/src.cxx
/home/user/library/opencv-4.5.2/build/CMakeFiles/CMakeTmp/src.cxx:1: warning: ignoring '#pragma  ' [-Wunknown-pragmas]
    1 | #pragma
      | 
cc1plus: note: unrecognized command-line option '-Wno-enum-compare-switch' may have been intended to silence earlier diagnostics
Linking CXX executable cmTC_3b638
/usr/bin/cmake -E cmake_link_script CMakeFiles/cmTC_3b638.dir/link.txt --verbose=1
/usr/bin/c++    -fsigned-char -W -Wall -Werror=return-type -Werror=non-virtual-dtor -Werror=address -Werror=sequence-point -Wformat -Werror=format-security -Winit-self -Wpointer-arith -Wuninitialized -Wsuggest-override -Wno-delete-non-virtual-dtor -Wno-comment -Wimplicit-fallthrough=3 -Wno-strict-overflow -fdiagnostics-show-option -pthread -fomit-frame-pointer -ffunction-sections -fdata-sections    -fvisibility=hidden -fvisibility-inlines-hidden -Wno-deprecated -Wno-missing-declarations -Wno-shadow -Wno-unused-parameter -Wno-unused-local-typedefs -Wno-sign-compare -Wno-sign-promo -Wno-undef -Wno-ignored-qualifiers -Wno-extra -Wno-unused-function -Wno-unused-const-variable -Wno-invalid-offsetof  -O3 -DNDEBUG  -DNDEBUG   -Wl,--gc-sections -Wl,--as-needed  CMakeFiles/cmTC_3b638.dir/src.cxx.o -o cmTC_3b638 
gmake[1]: Leaving directory '/home/user/library/opencv-4.5.2/build/CMakeFiles/CMakeTmp'


===== END =====

Determining if the include file sys/videoio.h exists failed with the following output:
Change Dir: /home/user/library/opencv-4.5.2/build/CMakeFiles/CMakeTmp

Run Build Command(s):/usr/bin/gmake cmTC_d1d65/fast && /usr/bin/gmake  -f CMakeFiles/cmTC_d1d65.dir/build.make CMakeFiles/cmTC_d1d65.dir/build
gmake[1]: Entering directory '/home/user/library/opencv-4.5.2/build/CMakeFiles/CMakeTmp'
Building C object CMakeFiles/cmTC_d1d65.dir/CheckIncludeFile.c.o
/usr/bin/cc   -fsigned-char -W -Wall -Werror=return-type -Werror=address -Werror=sequence-point -Wformat -Werror=format-security -Wmissing-declarations -Wmissing-prototypes -Wstrict-prototypes -Wundef -Winit-self -Wpointer-arith -Wshadow -Wuninitialized -Wno-comment -Wimplicit-fallthrough=3 -Wno-strict-overflow -fdiagnostics-show-option -pthread -fomit-frame-pointer -ffunction-sections -fdata-sections    -fvisibility=hidden  -O3 -DNDEBUG  -DNDEBUG -fPIE -o CMakeFiles/cmTC_d1d65.dir/CheckIncludeFile.c.o -c /home/user/library/opencv-4.5.2/build/CMakeFiles/CMakeTmp/CheckIncludeFile.c
/home/user/library/opencv-4.5.2/build/CMakeFiles/CMakeTmp/CheckIncludeFile.c:1:10: fatal error: sys/videoio.h: No such file or directory
    1 | #include <sys/videoio.h>
      |          ^~~~~~~~~~~~~~~
compilation terminated.
gmake[1]: *** [CMakeFiles/cmTC_d1d65.dir/build.make:85: CMakeFiles/cmTC_d1d65.dir/CheckIncludeFile.c.o] Error 1
gmake[1]: Leaving directory '/home/user/library/opencv-4.5.2/build/CMakeFiles/CMakeTmp'
gmake: *** [Makefile:140: cmTC_d1d65/fast] Error 2



